<?xml version="1.0" encoding="UTF-8"?>
<testng-results ignored="0" total="1" passed="1" failed="0" skipped="0">
  <reporter-output>
  </reporter-output>
  <suite started-at="2019-10-21T12:39:42 GMT" name="Default suite" finished-at="2019-10-21T12:39:47 GMT" duration-ms="4901">
    <groups>
    </groups>
    <test started-at="2019-10-21T12:39:42 GMT" name="Default test" finished-at="2019-10-21T12:39:47 GMT" duration-ms="4901">
      <class name="demoSelenium.Demo">
        <test-method signature="f()[pri:0, instance:demoSelenium.Demo@1a0dcaa]" started-at="2019-10-21T12:39:42 GMT" name="f" finished-at="2019-10-21T12:39:47 GMT" duration-ms="4857" status="PASS">
          <reporter-output>
          </reporter-output>
        </test-method> <!-- f -->
      </class> <!-- demoSelenium.Demo -->
    </test> <!-- Default test -->
  </suite> <!-- Default suite -->
</testng-results>
