<?xml version="1.0" encoding="UTF-8"?>
<!-- Generated by org.testng.reporters.JUnitXMLReporter -->
<testsuite hostname="WIN-NFDCINOH1RK" ignored="0" name="Test" tests="3" failures="0" timestamp="2020-02-06T06:53:22 UTC" time="0.09" errors="0">
  <testcase name="Membership" time="0.016" classname="hdc2demo.ParametersDemo"/>
  <testcase name="renewal" time="0.0" classname="hdc2demo.ParametersDemo"/>
  <testcase name="termination" time="0.0" classname="hdc2demo.ParametersDemo"/>
</testsuite> <!-- Test -->
