<?xml version="1.0" encoding="UTF-8"?>
<!-- Generated by org.testng.reporters.JUnitXMLReporter -->
<testsuite hostname="WIN-NFDCINOH1RK" ignored="1" name="Default test" tests="3" failures="0" timestamp="2020-02-11T06:46:02 UTC" time="23.465" errors="0">
  <testcase name="testLogin" time="10.107" classname="casestudy.CaseStudy5"/>
  <testcase name="testCart" time="6.308" classname="casestudy.CaseStudy5"/>
  <testcase name="testPayment" time="6.985" classname="casestudy.CaseStudy5"/>
  <testcase name="testRegistration" time="0.0" classname="casestudy.CaseStudy5">
    <ignored/>
  </testcase> <!-- testRegistration -->
</testsuite> <!-- Default test -->
